<?xml version="1.0" encoding="UTF-8"?>
<testng-results ignored="0" total="1" passed="1" failed="0" skipped="0">
  <reporter-output>
  </reporter-output>
  <suite started-at="2020-02-17T20:27:55Z" name="Surefire suite" finished-at="2020-02-17T20:28:04Z" duration-ms="8894">
    <groups>
    </groups>
    <test started-at="2020-02-17T20:27:55Z" name="Surefire test" finished-at="2020-02-17T20:28:04Z" duration-ms="8894">
      <class name="ui.AppTest">
        <test-method signature="launchBrowser()[pri:0, instance:ui.AppTest@2bbf4b8b]" started-at="2020-02-17T20:27:55Z" name="launchBrowser" finished-at="2020-02-17T20:28:04Z" duration-ms="8862" status="PASS">
          <reporter-output>
          </reporter-output>
        </test-method> <!-- launchBrowser -->
      </class> <!-- ui.AppTest -->
    </test> <!-- Surefire test -->
  </suite> <!-- Surefire suite -->
</testng-results>
