<?xml version="1.0" encoding="UTF-8"?>
<testng-results ignored="0" total="1" passed="1" failed="0" skipped="0">
  <reporter-output>
  </reporter-output>
  <suite started-at="2020-02-16T20:42:14Z" name="Default suite" finished-at="2020-02-16T20:42:23Z" duration-ms="8896">
    <groups>
    </groups>
    <test started-at="2020-02-16T20:42:14Z" name="Default test" finished-at="2020-02-16T20:42:23Z" duration-ms="8896">
      <class name="ui.AppTest">
        <test-method signature="launchBrowser()[pri:0, instance:ui.AppTest@4c40b76e]" started-at="2020-02-16T20:42:14Z" name="launchBrowser" finished-at="2020-02-16T20:42:23Z" duration-ms="8846" status="PASS">
          <reporter-output>
          </reporter-output>
        </test-method> <!-- launchBrowser -->
      </class> <!-- ui.AppTest -->
    </test> <!-- Default test -->
  </suite> <!-- Default suite -->
</testng-results>
